<?xml version="1.0" encoding="UTF-8"?>
<!-- Generated by org.testng.reporters.JUnitReportReporter -->
<testsuite skipped="0" hostname="197NODMB17327.local" name="TestCases" tests="2" failures="0" timestamp="2020-07-26T19:20:44 IST" time="2.398" errors="0">
  <testcase name="test2" time="0.001" classname="TestCases"/>
  <testcase name="test1" time="2.397" classname="TestCases"/>
</testsuite> <!-- TestCases -->
